D:\TAN\CALIBRATION\DETECTELLIPSECHESSBOARD\DEBUG\DETECTELLIPSECHESSBOARD.EXE
D:\TAN\CALIBRATION\DETECTELLIPSECHESSBOARD\DEBUG\DETECTELLIPSECHESSBOARD.ILK
D:\TAN\CALIBRATION\DETECTELLIPSECHESSBOARD\DEBUG\DETECTELLIPSECHESSBOARD.PDB
D:\Tan\Calibration\DetectEllipseChessBoard\DetectEllipseChessBoard\Debug\cl.command.1.tlog
D:\Tan\Calibration\DetectEllipseChessBoard\DetectEllipseChessBoard\Debug\CL.read.1.tlog
D:\Tan\Calibration\DetectEllipseChessBoard\DetectEllipseChessBoard\Debug\CL.write.1.tlog
D:\TAN\CALIBRATION\DETECTELLIPSECHESSBOARD\DETECTELLIPSECHESSBOARD\DEBUG\DETECTELLIPSECHESSBOARD.EXE.EMBED.MANIFEST
D:\TAN\CALIBRATION\DETECTELLIPSECHESSBOARD\DETECTELLIPSECHESSBOARD\DEBUG\DETECTELLIPSECHESSBOARD.EXE.EMBED.MANIFEST.RES
D:\TAN\CALIBRATION\DETECTELLIPSECHESSBOARD\DETECTELLIPSECHESSBOARD\DEBUG\DETECTELLIPSECHESSBOARD.EXE.INTERMEDIATE.MANIFEST
D:\TAN\CALIBRATION\DETECTELLIPSECHESSBOARD\DETECTELLIPSECHESSBOARD\DEBUG\DETECTELLIPSECHESSBOARD.OBJ
D:\TAN\CALIBRATION\DETECTELLIPSECHESSBOARD\DETECTELLIPSECHESSBOARD\DEBUG\DETECTELLIPSECHESSBOARD.PCH
D:\Tan\Calibration\DetectEllipseChessBoard\DetectEllipseChessBoard\Debug\DetectEllipseChessBoard.vcxprojResolveAssemblyReference.cache
D:\Tan\Calibration\DetectEllipseChessBoard\DetectEllipseChessBoard\Debug\DetectEllipseChessBoard.write.1.tlog
D:\Tan\Calibration\DetectEllipseChessBoard\DetectEllipseChessBoard\Debug\DetectEllipseChessBoard_manifest.rc
D:\TAN\CALIBRATION\DETECTELLIPSECHESSBOARD\DETECTELLIPSECHESSBOARD\DEBUG\FINDFOURPOINTS.OBJ
D:\Tan\Calibration\DetectEllipseChessBoard\DetectEllipseChessBoard\Debug\link.10428.read.1.tlog
D:\Tan\Calibration\DetectEllipseChessBoard\DetectEllipseChessBoard\Debug\link.10428.write.1.tlog
D:\Tan\Calibration\DetectEllipseChessBoard\DetectEllipseChessBoard\Debug\link.10428-cvtres.read.1.tlog
D:\Tan\Calibration\DetectEllipseChessBoard\DetectEllipseChessBoard\Debug\link.10428-cvtres.write.1.tlog
D:\Tan\Calibration\DetectEllipseChessBoard\DetectEllipseChessBoard\Debug\link.10504.read.1.tlog
D:\Tan\Calibration\DetectEllipseChessBoard\DetectEllipseChessBoard\Debug\link.10504.write.1.tlog
D:\Tan\Calibration\DetectEllipseChessBoard\DetectEllipseChessBoard\Debug\link.10504-cvtres.read.1.tlog
D:\Tan\Calibration\DetectEllipseChessBoard\DetectEllipseChessBoard\Debug\link.10504-cvtres.write.1.tlog
D:\Tan\Calibration\DetectEllipseChessBoard\DetectEllipseChessBoard\Debug\link.3844.read.1.tlog
D:\Tan\Calibration\DetectEllipseChessBoard\DetectEllipseChessBoard\Debug\link.3844.write.1.tlog
D:\Tan\Calibration\DetectEllipseChessBoard\DetectEllipseChessBoard\Debug\link.3844-cvtres.read.1.tlog
D:\Tan\Calibration\DetectEllipseChessBoard\DetectEllipseChessBoard\Debug\link.3844-cvtres.write.1.tlog
D:\Tan\Calibration\DetectEllipseChessBoard\DetectEllipseChessBoard\Debug\link.5020.read.1.tlog
D:\Tan\Calibration\DetectEllipseChessBoard\DetectEllipseChessBoard\Debug\link.5020.write.1.tlog
D:\Tan\Calibration\DetectEllipseChessBoard\DetectEllipseChessBoard\Debug\link.5020-cvtres.read.1.tlog
D:\Tan\Calibration\DetectEllipseChessBoard\DetectEllipseChessBoard\Debug\link.5020-cvtres.write.1.tlog
D:\Tan\Calibration\DetectEllipseChessBoard\DetectEllipseChessBoard\Debug\link.604.read.1.tlog
D:\Tan\Calibration\DetectEllipseChessBoard\DetectEllipseChessBoard\Debug\link.604.write.1.tlog
D:\Tan\Calibration\DetectEllipseChessBoard\DetectEllipseChessBoard\Debug\link.604-cvtres.read.1.tlog
D:\Tan\Calibration\DetectEllipseChessBoard\DetectEllipseChessBoard\Debug\link.604-cvtres.write.1.tlog
D:\Tan\Calibration\DetectEllipseChessBoard\DetectEllipseChessBoard\Debug\link.644.read.1.tlog
D:\Tan\Calibration\DetectEllipseChessBoard\DetectEllipseChessBoard\Debug\link.644.write.1.tlog
D:\Tan\Calibration\DetectEllipseChessBoard\DetectEllipseChessBoard\Debug\link.644-cvtres.read.1.tlog
D:\Tan\Calibration\DetectEllipseChessBoard\DetectEllipseChessBoard\Debug\link.644-cvtres.write.1.tlog
D:\Tan\Calibration\DetectEllipseChessBoard\DetectEllipseChessBoard\Debug\link.8944.read.1.tlog
D:\Tan\Calibration\DetectEllipseChessBoard\DetectEllipseChessBoard\Debug\link.8944.write.1.tlog
D:\Tan\Calibration\DetectEllipseChessBoard\DetectEllipseChessBoard\Debug\link.8944-cvtres.read.1.tlog
D:\Tan\Calibration\DetectEllipseChessBoard\DetectEllipseChessBoard\Debug\link.8944-cvtres.write.1.tlog
D:\Tan\Calibration\DetectEllipseChessBoard\DetectEllipseChessBoard\Debug\link.9480.read.1.tlog
D:\Tan\Calibration\DetectEllipseChessBoard\DetectEllipseChessBoard\Debug\link.9480.write.1.tlog
D:\Tan\Calibration\DetectEllipseChessBoard\DetectEllipseChessBoard\Debug\link.9480-cvtres.read.1.tlog
D:\Tan\Calibration\DetectEllipseChessBoard\DetectEllipseChessBoard\Debug\link.9480-cvtres.write.1.tlog
D:\Tan\Calibration\DetectEllipseChessBoard\DetectEllipseChessBoard\Debug\link.9600.read.1.tlog
D:\Tan\Calibration\DetectEllipseChessBoard\DetectEllipseChessBoard\Debug\link.9600.write.1.tlog
D:\Tan\Calibration\DetectEllipseChessBoard\DetectEllipseChessBoard\Debug\link.9600-cvtres.read.1.tlog
D:\Tan\Calibration\DetectEllipseChessBoard\DetectEllipseChessBoard\Debug\link.9600-cvtres.write.1.tlog
D:\Tan\Calibration\DetectEllipseChessBoard\DetectEllipseChessBoard\Debug\link.command.1.tlog
D:\Tan\Calibration\DetectEllipseChessBoard\DetectEllipseChessBoard\Debug\link.read.1.tlog
D:\Tan\Calibration\DetectEllipseChessBoard\DetectEllipseChessBoard\Debug\link.write.1.tlog
D:\Tan\Calibration\DetectEllipseChessBoard\DetectEllipseChessBoard\Debug\link-cvtres.read.1.tlog
D:\Tan\Calibration\DetectEllipseChessBoard\DetectEllipseChessBoard\Debug\link-cvtres.write.1.tlog
D:\Tan\Calibration\DetectEllipseChessBoard\DetectEllipseChessBoard\Debug\mt.command.1.tlog
D:\Tan\Calibration\DetectEllipseChessBoard\DetectEllipseChessBoard\Debug\mt.read.1.tlog
D:\Tan\Calibration\DetectEllipseChessBoard\DetectEllipseChessBoard\Debug\mt.write.1.tlog
D:\Tan\Calibration\DetectEllipseChessBoard\DetectEllipseChessBoard\Debug\rc.command.1.tlog
D:\Tan\Calibration\DetectEllipseChessBoard\DetectEllipseChessBoard\Debug\rc.read.1.tlog
D:\Tan\Calibration\DetectEllipseChessBoard\DetectEllipseChessBoard\Debug\rc.write.1.tlog
D:\TAN\CALIBRATION\DETECTELLIPSECHESSBOARD\DETECTELLIPSECHESSBOARD\DEBUG\STDAFX.OBJ
D:\Tan\Calibration\DetectEllipseChessBoard\DetectEllipseChessBoard\Debug\vc100.idb
D:\TAN\CALIBRATION\DETECTELLIPSECHESSBOARD\DETECTELLIPSECHESSBOARD\DEBUG\VC100.PDB
